0 info it worked if it ends with ok
1 verbose cli [ 'C:\\Program Files\\nodejs\\node.exe',
1 verbose cli   'C:\\Program Files\\nodejs\\node_modules\\npm\\bin\\npm-cli.js',
1 verbose cli   'install',
1 verbose cli   'imagemagick-cli' ]
2 info using npm@2.15.1
3 info using node@v4.4.3
4 verbose install initial load of C:\Users\210071205\version-control\portfolio\responsive_blog\package.json
5 warn package.json reponsive-images@0.1.0 No license field.
6 verbose installManyTop reading scoped package data from C:\Users\210071205\version-control\portfolio\responsive_blog\node_modules\grunt\package.json
7 verbose installManyTop reading scoped package data from C:\Users\210071205\version-control\portfolio\responsive_blog\node_modules\grunt-contrib-clean\package.json
8 verbose installManyTop reading scoped package data from C:\Users\210071205\version-control\portfolio\responsive_blog\node_modules\grunt-contrib-copy\package.json
9 verbose installManyTop reading scoped package data from C:\Users\210071205\version-control\portfolio\responsive_blog\node_modules\grunt-contrib-imagemin\package.json
10 verbose installManyTop reading scoped package data from C:\Users\210071205\version-control\portfolio\responsive_blog\node_modules\grunt-mkdir\package.json
11 verbose installManyTop reading scoped package data from C:\Users\210071205\version-control\portfolio\responsive_blog\node_modules\grunt-responsive-images\package.json
12 verbose installManyTop reading scoped package data from C:\Users\210071205\version-control\portfolio\responsive_blog\node_modules\imagemagick\package.json
13 verbose installManyTop reading scoped package data from C:\Users\210071205\version-control\portfolio\responsive_blog\node_modules\imager.js\package.json
14 info package.json grunt-responsive-images@0.1.7 No license field.
15 info package.json imagemagick@0.1.3 No license field.
16 info package.json grunt-mkdir@1.0.0 No license field.
17 verbose readDependencies loading dependencies from C:\Users\210071205\version-control\portfolio\responsive_blog\package.json
18 silly cache add args [ 'imagemagick-cli', null ]
19 verbose cache add spec imagemagick-cli
20 silly cache add parsed spec Result {
20 silly cache add   raw: 'imagemagick-cli',
20 silly cache add   scope: null,
20 silly cache add   name: 'imagemagick-cli',
20 silly cache add   rawSpec: '',
20 silly cache add   spec: 'latest',
20 silly cache add   type: 'tag' }
21 silly addNamed imagemagick-cli@latest
22 verbose addNamed "latest" is being treated as a dist-tag for imagemagick-cli
23 info addNameTag [ 'imagemagick-cli', 'latest' ]
24 silly mapToRegistry name imagemagick-cli
25 silly mapToRegistry using default registry
26 silly mapToRegistry registry https://registry.npmjs.org/
27 silly mapToRegistry data Result {
27 silly mapToRegistry   raw: 'imagemagick-cli',
27 silly mapToRegistry   scope: null,
27 silly mapToRegistry   name: 'imagemagick-cli',
27 silly mapToRegistry   rawSpec: '',
27 silly mapToRegistry   spec: 'latest',
27 silly mapToRegistry   type: 'tag' }
28 silly mapToRegistry uri https://registry.npmjs.org/imagemagick-cli
29 verbose addNameTag registry:https://registry.npmjs.org/imagemagick-cli not in flight; fetching
30 verbose request uri https://registry.npmjs.org/imagemagick-cli
31 verbose request no auth needed
32 info attempt registry request try #1 at 2:35:33 PM
33 verbose request id 2e23718468cabaa1
34 http request GET https://registry.npmjs.org/imagemagick-cli
35 http 404 https://registry.npmjs.org/imagemagick-cli
36 verbose headers { 'content-type': 'application/json',
36 verbose headers   'cache-control': 'max-age=0',
36 verbose headers   'content-length': '2',
36 verbose headers   'accept-ranges': 'bytes',
36 verbose headers   date: 'Mon, 09 May 2016 18:35:35 GMT',
36 verbose headers   via: '1.1 varnish',
36 verbose headers   age: '0',
36 verbose headers   connection: 'keep-alive',
36 verbose headers   'x-served-by': 'cache-atl6228-ATL',
36 verbose headers   'x-cache': 'MISS',
36 verbose headers   'x-cache-hits': '0',
36 verbose headers   'x-timer': 'S1462818935.685393,VS0,VE37',
36 verbose headers   vary: 'Accept-Encoding' }
37 silly get cb [ 404,
37 silly get   { 'content-type': 'application/json',
37 silly get     'cache-control': 'max-age=0',
37 silly get     'content-length': '2',
37 silly get     'accept-ranges': 'bytes',
37 silly get     date: 'Mon, 09 May 2016 18:35:35 GMT',
37 silly get     via: '1.1 varnish',
37 silly get     age: '0',
37 silly get     connection: 'keep-alive',
37 silly get     'x-served-by': 'cache-atl6228-ATL',
37 silly get     'x-cache': 'MISS',
37 silly get     'x-cache-hits': '0',
37 silly get     'x-timer': 'S1462818935.685393,VS0,VE37',
37 silly get     vary: 'Accept-Encoding' } ]
38 verbose stack Error: Registry returned 404 for GET on https://registry.npmjs.org/imagemagick-cli
38 verbose stack     at makeError (C:\Program Files\nodejs\node_modules\npm\node_modules\npm-registry-client\lib\request.js:264:12)
38 verbose stack     at CachingRegistryClient.<anonymous> (C:\Program Files\nodejs\node_modules\npm\node_modules\npm-registry-client\lib\request.js:242:14)
38 verbose stack     at Request._callback (C:\Program Files\nodejs\node_modules\npm\node_modules\npm-registry-client\lib\request.js:172:14)
38 verbose stack     at Request.self.callback (C:\Program Files\nodejs\node_modules\npm\node_modules\request\request.js:199:22)
38 verbose stack     at emitTwo (events.js:87:13)
38 verbose stack     at Request.emit (events.js:172:7)
38 verbose stack     at Request.<anonymous> (C:\Program Files\nodejs\node_modules\npm\node_modules\request\request.js:1036:10)
38 verbose stack     at emitOne (events.js:82:20)
38 verbose stack     at Request.emit (events.js:169:7)
38 verbose stack     at IncomingMessage.<anonymous> (C:\Program Files\nodejs\node_modules\npm\node_modules\request\request.js:963:12)
39 verbose statusCode 404
40 verbose pkgid imagemagick-cli
41 verbose cwd C:\Users\210071205\version-control\portfolio\responsive_blog
42 error Windows_NT 6.3.9600
43 error argv "C:\\Program Files\\nodejs\\node.exe" "C:\\Program Files\\nodejs\\node_modules\\npm\\bin\\npm-cli.js" "install" "imagemagick-cli"
44 error node v4.4.3
45 error npm  v2.15.1
46 error code E404
47 error 404 Registry returned 404 for GET on https://registry.npmjs.org/imagemagick-cli
47 error 404
47 error 404 'imagemagick-cli' is not in the npm registry.
47 error 404 You should bug the author to publish it (or use the name yourself!)
47 error 404 It was specified as a dependency of 'reponsive-images'
47 error 404
47 error 404 Note that you can also install from a
47 error 404 tarball, folder, http url, or git url.
48 verbose exit [ 1, true ]
